<?xml version="1.0" encoding="utf-8" standalone="no"?>
<!--This file represents the results of running a test suite-->
<test-results name="E:\CPAjaxDemo\ClinicalPortalDemo\Src\ClinicalPortalTest\bin\Debug\ClinicalPortalTest.dll" total="1" errors="0" failures="0" not-run="0" inconclusive="0" ignored="0" skipped="0" invalid="0" date="2012-11-01" time="10:14:21">
  <environment nunit-version="2.6.0.12051" clr-version="2.0.50727.4961" os-version="Microsoft Windows NT 6.1.7600.0" platform="Win32NT" cwd="E:\CPAjaxDemo\ClinicalPortalDemo\Src\ClinicalPortalTest\bin\Debug" machine-name="D4028113-19957" user="jhu" user-domain="INFOR" />
  <culture-info current-culture="en-US" current-uiculture="en-US" />
  <test-suite type="Assembly" name="E:\CPAjaxDemo\ClinicalPortalDemo\Src\ClinicalPortalTest\bin\Debug\ClinicalPortalTest.dll" executed="True" result="Success" success="True" time="0.107" asserts="0">
    <results>
      <test-suite type="Namespace" name="ClinicalPortalTest" executed="True" result="Success" success="True" time="0.089" asserts="0">
        <results>
          <test-suite type="TestFixture" name="Service1Test" executed="True" result="Success" success="True" time="0.088" asserts="0">
            <results>
              <test-case name="ClinicalPortalTest.Service1Test.TestGetMethodList" executed="True" result="Success" success="True" time="0.023" asserts="2" />
            </results>
          </test-suite>
        </results>
      </test-suite>
    </results>
  </test-suite>
</test-results>